Build started 28/08/2015 4:51:11.
     1>Project "C:\Users\pachu\Desktop\Pablo\Birtemag-visual\Birtemag\Birtemag.vcxproj" on node 2 (Build target(s)).
     1>ClCompile:
         C:\Program Files (x86)\Microsoft Visual Studio 14.0\VC\bin\CL.exe /c /Zi /nologo /W3 /WX- /sdl /O2 /Oi /Oy- /GL /D _MBCS /Gm- /EHsc /MD /GS /Gy /fp:precise /Zc:wchar_t /Zc:forScope /Zc:inline /Fo"Release\\" /Fd"Release\vc140.pdb" /Gd /TP /analyze- /errorReport:prompt src\Button.cpp src\Editor.cpp src\main.cpp
         Button.cpp
         Editor.cpp
         main.cpp
       Link:
         C:\Program Files (x86)\Microsoft Visual Studio 14.0\VC\bin\link.exe /ERRORREPORT:PROMPT /OUT:"C:\Users\pachu\Desktop\Pablo\Birtemag-visual\Release\Birtemag.exe" /NOLOGO SDL2.lib SDL2main.lib SDL2_image.lib SDL2_ttf.lib kernel32.lib user32.lib gdi32.lib winspool.lib comdlg32.lib advapi32.lib shell32.lib ole32.lib oleaut32.lib uuid.lib odbc32.lib odbccp32.lib /MANIFEST /MANIFESTUAC:"level='asInvoker' uiAccess='false'" /manifest:embed /Debug /PDB:"C:\Users\pachu\Desktop\Pablo\Birtemag-visual\Release\Birtemag.pdb" /SUBSYSTEM:CONSOLE /OPT:REF /OPT:ICF /LTCG:incremental /TLBID:1 /DYNAMICBASE /NXCOMPAT /IMPLIB:"C:\Users\pachu\Desktop\Pablo\Birtemag-visual\Release\Birtemag.lib" /MACHINE:X86 /SAFESEH Release\Button.obj
         Release\Common_functions.obj
         Release\Editor.obj
         Release\Input.obj
         Release\LTexture.obj
         Release\main.obj
         Release\Map.obj
         Release\Player.obj
         Release\Tile.obj
         Release\Tilemap.obj
         Release\timer.obj
         Release\window.obj
         Release\World.obj
         Generating code
         2 of 568 functions ( 0.4%) were compiled, the rest were copied from previous compilation.
           0 functions were new in current compilation
           4 functions had inline decision re-evaluated but remain unchanged
         Finished generating code
         Birtemag.vcxproj -> C:\Users\pachu\Desktop\Pablo\Birtemag-visual\Release\Birtemag.exe
     1>Done Building Project "C:\Users\pachu\Desktop\Pablo\Birtemag-visual\Birtemag\Birtemag.vcxproj" (Build target(s)).

Build succeeded.

Time Elapsed 00:00:01.74
