Build started 22/08/2015 18:56:49.
     1>Project "C:\Users\pachu\Desktop\Birtemag\Birtemag\Birtemag.vcxproj" on node 2 (Build target(s)).
     1>ClCompile:
         C:\Program Files (x86)\Microsoft Visual Studio 14.0\VC\bin\CL.exe /c /ZI /nologo /W3 /WX- /sdl /Od /Oy- /D _MBCS /Gm /EHsc /RTC1 /MD /GS /fp:precise /Zc:wchar_t /Zc:forScope /Zc:inline /Fo"Debug\\" /Fd"Debug\vc140.pdb" /Gd /TP /analyze- /errorReport:prompt src\Player.cpp
         Player.cpp
       Link:
         C:\Program Files (x86)\Microsoft Visual Studio 14.0\VC\bin\link.exe /ERRORREPORT:PROMPT /OUT:"C:\Users\pachu\Desktop\Birtemag\Debug\Birtemag.exe" /INCREMENTAL /NOLOGO SDL2.lib SDL2main.lib SDL2_ttf.lib SDL2_image.lib kernel32.lib user32.lib gdi32.lib winspool.lib comdlg32.lib advapi32.lib shell32.lib ole32.lib oleaut32.lib uuid.lib odbc32.lib odbccp32.lib /MANIFEST /MANIFESTUAC:"level='asInvoker' uiAccess='false'" /manifest:embed /Debug /PDB:"C:\Users\pachu\Desktop\Birtemag\Debug\Birtemag.pdb" /SUBSYSTEM:CONSOLE /TLBID:1 /DYNAMICBASE /NXCOMPAT /IMPLIB:"C:\Users\pachu\Desktop\Birtemag\Debug\Birtemag.lib" /MACHINE:X86 Debug\Button.obj
         Debug\Common_functions.obj
         Debug\Editor.obj
         Debug\InfoPanel.obj
         Debug\Input.obj
         Debug\LTexture.obj
         Debug\main.obj
         Debug\Map.obj
         Debug\Player.obj
         Debug\Tile.obj
         Debug\Tilemap.obj
         Debug\timer.obj
         Debug\window.obj
         Debug\World.obj
         Birtemag.vcxproj -> C:\Users\pachu\Desktop\Birtemag\Debug\Birtemag.exe
     1>Done Building Project "C:\Users\pachu\Desktop\Birtemag\Birtemag\Birtemag.vcxproj" (Build target(s)).

Build succeeded.

Time Elapsed 00:00:00.79
